<?xml version="1.0" encoding="UTF-8"?>
<!-- Generated by org.testng.reporters.JUnitReportReporter -->
<testsuite skipped="0" hostname="HIBACL58615" name="com.backbase.automation.testcases.BackBaseEdgeTest" tests="1" failures="0" timestamp="11 Dec 2018 19:21:17 GMT" time="89.338" errors="0">
  <testcase name="checkUpdateComputerByRemovingComputerNameFromDatabase" time="89.338" classname="com.backbase.automation.testcases.BackBaseEdgeTest"/>
</testsuite> <!-- com.backbase.automation.testcases.BackBaseEdgeTest -->
