<?xml version="1.0" encoding="UTF-8"?>
<!-- Generated by org.testng.reporters.JUnitReportReporter -->
<testsuite skipped="0" hostname="HIBACL58615" name="com.backbase.automation.testcases.FreeCrmTest" tests="1" failures="0" timestamp="09 Dec 2018 15:11:51 GMT" time="16.431" errors="0">
  <testcase name="freeCrmTitleTest" time="16.431" classname="com.backbase.automation.testcases.FreeCrmTest"/>
</testsuite> <!-- com.backbase.automation.testcases.FreeCrmTest -->
