<?xml version="1.0" encoding="UTF-8"?>
<!-- Generated by org.testng.reporters.JUnitReportReporter -->
<testsuite skipped="0" hostname="HIBACL58615" name="com.backbase.automation.testcases.BackBaseCRUDTest" tests="1" failures="0" timestamp="11 Dec 2018 17:03:28 GMT" time="67.259" errors="0">
  <testcase name="createReadAndDeleteComputerFromDatabase" time="67.259" classname="com.backbase.automation.testcases.BackBaseCRUDTest"/>
</testsuite> <!-- com.backbase.automation.testcases.BackBaseCRUDTest -->
