<?xml version="1.0" encoding="UTF-8"?>
<!-- Generated by org.testng.reporters.JUnitReportReporter -->
<testsuite skipped="0" hostname="HIBACL58615" name="com.backbase.automation.testcases.CRUDTestCasesUI" tests="3" failures="0" timestamp="11 Dec 2018 15:11:18 GMT" time="218.378" errors="0">
  <testcase name="createReadAndDeleteComputerFromDatabase" time="58.752" classname="com.backbase.automation.testcases.CRUDTestCasesUI"/>
  <testcase name="updateAndReadComputerFromDatabase" time="77.437" classname="com.backbase.automation.testcases.CRUDTestCasesUI"/>
  <testcase name="creatReadUpdateAndDeleteComputerFromDatabase" time="82.189" classname="com.backbase.automation.testcases.CRUDTestCasesUI"/>
</testsuite> <!-- com.backbase.automation.testcases.CRUDTestCasesUI -->
