<?xml version="1.0" encoding="UTF-8"?>
<!-- Generated by org.testng.reporters.JUnitReportReporter -->
<testsuite skipped="0" hostname="HIBACL58615" name="com.backbase.automation.testcases.EdgeTestCasesUI" tests="7" failures="0" timestamp="11 Dec 2018 14:38:42 GMT" time="398.775" errors="0">
  <testcase name="cancelCreationOfComputerFromDatabase" time="35.935" classname="com.backbase.automation.testcases.EdgeTestCasesUI"/>
  <testcase name="checkCreationOfComputerWithoutComputerNameFromDatabase" time="29.178" classname="com.backbase.automation.testcases.EdgeTestCasesUI"/>
  <testcase name="createAndReadComputerWithOnlyComputerNameFromDatabase" time="55.078" classname="com.backbase.automation.testcases.EdgeTestCasesUI"/>
  <testcase name="createAndReadComputerWithoutDatesToDatabase" time="53.964" classname="com.backbase.automation.testcases.EdgeTestCasesUI"/>
  <testcase name="cancelUpdateComputerFromDatabase" time="72.762" classname="com.backbase.automation.testcases.EdgeTestCasesUI"/>
  <testcase name="checkSavingDuplicateComputersToDatabase" time="82.466" classname="com.backbase.automation.testcases.EdgeTestCasesUI"/>
  <testcase name="checkUpdateComputerByRemovingComputerNameFromDatabase" time="69.392" classname="com.backbase.automation.testcases.EdgeTestCasesUI"/>
</testsuite> <!-- com.backbase.automation.testcases.EdgeTestCasesUI -->
