<?xml version="1.0" encoding="UTF-8"?>
<!-- Generated by org.testng.reporters.JUnitReportReporter -->
<testsuite skipped="0" hostname="Pratyushs-MacBook-Pro.local" name="com.backbase.automation.testcases.BackBaseCRUDTest" tests="1" failures="0" timestamp="11 Dec 2018 21:10:39 GMT" time="49.298" errors="0">
  <testcase name="createReadAndDeleteComputerFromDatabase" time="49.298" classname="com.backbase.automation.testcases.BackBaseCRUDTest"/>
</testsuite> <!-- com.backbase.automation.testcases.BackBaseCRUDTest -->
