<?xml version="1.0" encoding="UTF-8"?>
<!-- Generated by org.testng.reporters.JUnitReportReporter -->
<testsuite skipped="0" hostname="HIBACL58615" name="com.backbase.automation.testcases.CRUDTestCasesAPI" tests="1" failures="0" timestamp="09 Dec 2018 20:05:05 GMT" time="20.424" errors="0">
  <testcase name="verifyContactsPageLabel" time="20.424" classname="com.backbase.automation.testcases.CRUDTestCasesAPI"/>
</testsuite> <!-- com.backbase.automation.testcases.CRUDTestCasesAPI -->
