<?xml version="1.0" encoding="UTF-8"?>
<!-- Generated by org.testng.reporters.JUnitReportReporter -->
<testsuite skipped="7" hostname="Pratyushs-MacBook-Pro.local" name="com.backbase.automation.testcases.BackBaseEdgeTest" tests="7" failures="0" timestamp="11 Dec 2018 20:42:36 GMT" time="0.000" errors="0">
  <testcase name="cancelCreationOfComputerFromDatabase" time="0.000" classname="com.backbase.automation.testcases.BackBaseEdgeTest">
    <skipped/>
  </testcase> <!-- cancelCreationOfComputerFromDatabase -->
  <testcase name="checkCreationOfComputerWithoutComputerNameFromDatabase" time="0.000" classname="com.backbase.automation.testcases.BackBaseEdgeTest">
    <skipped/>
  </testcase> <!-- checkCreationOfComputerWithoutComputerNameFromDatabase -->
  <testcase name="createAndReadComputerWithOnlyComputerNameFromDatabase" time="0.000" classname="com.backbase.automation.testcases.BackBaseEdgeTest">
    <skipped/>
  </testcase> <!-- createAndReadComputerWithOnlyComputerNameFromDatabase -->
  <testcase name="createAndReadComputerWithoutDatesToDatabase" time="0.000" classname="com.backbase.automation.testcases.BackBaseEdgeTest">
    <skipped/>
  </testcase> <!-- createAndReadComputerWithoutDatesToDatabase -->
  <testcase name="cancelUpdateComputerFromDatabase" time="0.000" classname="com.backbase.automation.testcases.BackBaseEdgeTest">
    <skipped/>
  </testcase> <!-- cancelUpdateComputerFromDatabase -->
  <testcase name="checkSavingDuplicateComputersToDatabase" time="0.000" classname="com.backbase.automation.testcases.BackBaseEdgeTest">
    <skipped/>
  </testcase> <!-- checkSavingDuplicateComputersToDatabase -->
  <testcase name="checkUpdateComputerByRemovingComputerNameFromDatabase" time="0.000" classname="com.backbase.automation.testcases.BackBaseEdgeTest">
    <skipped/>
  </testcase> <!-- checkUpdateComputerByRemovingComputerNameFromDatabase -->
</testsuite> <!-- com.backbase.automation.testcases.BackBaseEdgeTest -->
