<?xml version="1.0" encoding="UTF-8"?>
<!-- Generated by org.testng.reporters.JUnitReportReporter -->
<testsuite skipped="0" hostname="HIBACL58615" name="com.backbase.automation.testcases.BackBaseCRUDTest" tests="3" failures="0" timestamp="11 Dec 2018 19:35:57 GMT" time="281.652" errors="0">
  <testcase name="createReadAndDeleteComputerFromDatabase" time="68.287" classname="com.backbase.automation.testcases.BackBaseCRUDTest"/>
  <testcase name="updateAndReadComputerFromDatabase" time="107.546" classname="com.backbase.automation.testcases.BackBaseCRUDTest"/>
  <testcase name="creatReadUpdateAndDeleteComputerFromDatabase" time="105.819" classname="com.backbase.automation.testcases.BackBaseCRUDTest"/>
</testsuite> <!-- com.backbase.automation.testcases.BackBaseCRUDTest -->
