<?xml version="1.0" encoding="UTF-8"?>
<!-- Generated by org.testng.reporters.JUnitReportReporter -->
<testsuite skipped="0" hostname="HIBACL58615" name="com.backbase.automation.testcases.BackBaseEdgeTest" tests="7" failures="0" timestamp="11 Dec 2018 19:35:57 GMT" time="478.636" errors="0">
  <testcase name="cancelCreationOfComputerFromDatabase" time="48.178" classname="com.backbase.automation.testcases.BackBaseEdgeTest"/>
  <testcase name="checkCreationOfComputerWithoutComputerNameFromDatabase" time="25.193" classname="com.backbase.automation.testcases.BackBaseEdgeTest"/>
  <testcase name="createAndReadComputerWithOnlyComputerNameFromDatabase" time="65.155" classname="com.backbase.automation.testcases.BackBaseEdgeTest"/>
  <testcase name="createAndReadComputerWithoutDatesToDatabase" time="66.413" classname="com.backbase.automation.testcases.BackBaseEdgeTest"/>
  <testcase name="cancelUpdateComputerFromDatabase" time="100.698" classname="com.backbase.automation.testcases.BackBaseEdgeTest"/>
  <testcase name="checkSavingDuplicateComputersToDatabase" time="68.182" classname="com.backbase.automation.testcases.BackBaseEdgeTest"/>
  <testcase name="checkUpdateComputerByRemovingComputerNameFromDatabase" time="104.817" classname="com.backbase.automation.testcases.BackBaseEdgeTest"/>
</testsuite> <!-- com.backbase.automation.testcases.BackBaseEdgeTest -->
